{
  "RSpec": {
    "coverage": {
      "/home/tsu-na-gu/Developments/simple_todo_in_ruby/spec/main_spec.rb": {
        "lines": [
          null,
          null,
          1,
          1,
          1,
          1,
          1,
          1,
          null,
          1,
          8,
          8,
          null,
          1,
          1,
          1,
          1,
          1,
          null,
          1,
          null,
          null,
          1,
          7,
          null,
          null,
          1,
          7,
          7,
          7,
          null,
          null,
          1,
          1,
          1,
          1,
          null,
          1,
          2,
          null,
          1,
          1,
          1,
          1,
          null,
          null,
          null,
          1,
          1,
          null,
          1,
          1,
          1,
          1,
          1,
          1,
          null,
          1,
          null,
          1,
          1,
          3,
          null,
          null,
          1,
          1,
          1,
          null,
          null,
          1,
          1,
          1,
          null,
          null,
          1,
          1,
          null,
          null,
          null,
          1,
          1,
          null,
          1,
          1,
          1,
          null,
          1,
          null,
          1,
          2,
          null,
          1,
          1,
          1,
          null,
          null,
          null,
          1,
          1,
          null,
          1,
          1,
          1,
          1,
          null,
          1,
          null,
          1,
          2,
          null,
          1,
          1,
          1,
          1,
          null,
          null,
          null,
          1,
          1,
          1,
          null,
          1,
          2,
          1,
          null,
          null,
          null,
          null,
          1,
          1,
          1,
          null,
          1,
          2,
          1,
          null,
          null,
          null,
          null,
          1,
          1,
          1,
          null,
          1,
          null,
          1,
          2,
          1,
          null,
          null,
          null,
          null
        ]
      },
      "/home/tsu-na-gu/Developments/simple_todo_in_ruby/main.rb": {
        "lines": [
          null,
          null,
          1,
          null,
          1,
          1,
          1,
          null,
          null,
          1,
          1,
          null,
          2,
          1,
          7,
          null,
          null,
          2,
          1,
          7,
          7,
          6,
          6,
          null,
          null,
          1,
          null,
          2,
          1,
          7,
          null,
          null,
          2,
          1,
          6,
          null,
          0,
          0,
          null,
          null,
          2,
          1,
          7,
          7,
          7,
          null,
          1,
          1,
          null,
          null,
          2,
          1,
          6,
          null,
          2,
          2,
          null,
          2,
          1,
          null,
          1,
          1,
          null,
          1,
          null,
          null,
          1,
          1,
          null,
          0,
          0,
          null,
          null,
          null,
          1
        ]
      },
      "/home/tsu-na-gu/Developments/simple_todo_in_ruby/presentation/cli_parser.rb": {
        "lines": [
          null,
          null,
          1,
          1,
          1,
          null,
          1,
          1,
          null,
          2,
          1,
          7,
          7,
          null,
          null,
          2,
          1,
          7,
          7,
          7,
          7,
          null,
          null,
          2,
          1,
          7,
          null,
          7,
          7,
          null,
          7,
          7,
          null,
          7,
          7,
          null,
          7,
          7,
          null,
          7,
          null,
          null,
          null,
          null,
          null,
          null,
          null
        ]
      },
      "/home/tsu-na-gu/Developments/simple_todo_in_ruby/presentation/cli_options.rb": {
        "lines": [
          null,
          null,
          1,
          null,
          null,
          1,
          1,
          null,
          1,
          1,
          1,
          1,
          null,
          2,
          1,
          35,
          7,
          null,
          null,
          2,
          1,
          6,
          4,
          2,
          1,
          null,
          0,
          null,
          null
        ]
      },
      "/home/tsu-na-gu/Developments/simple_todo_in_ruby/lib/options.rb": {
        "lines": [
          null,
          null,
          null,
          1,
          1,
          null,
          1,
          1,
          1,
          null,
          null,
          2,
          1,
          null,
          7,
          7,
          7,
          7,
          null,
          null,
          1,
          1,
          null,
          1,
          1,
          null,
          null,
          null,
          2,
          1,
          14,
          null,
          null,
          2,
          1,
          7,
          null,
          null,
          1,
          1,
          0,
          null,
          null,
          2,
          1,
          7,
          null,
          null,
          null,
          1,
          1,
          0,
          null,
          null,
          null,
          null,
          1,
          1,
          null,
          0,
          null,
          null,
          0,
          0,
          0,
          null,
          null,
          null,
          0,
          0,
          0,
          null,
          null,
          0,
          0,
          0,
          0,
          0,
          null,
          0,
          0,
          null,
          null,
          null,
          null,
          null,
          2,
          1,
          7,
          null,
          null,
          7,
          0,
          0,
          null,
          null,
          35,
          null,
          7,
          8,
          null,
          8,
          0,
          0,
          null,
          null,
          26,
          null,
          8,
          0,
          0,
          0,
          0,
          null,
          null,
          null,
          8,
          null,
          0,
          0,
          0,
          null,
          0,
          null,
          0,
          null,
          null,
          null,
          8,
          2,
          2,
          0,
          null,
          2,
          null,
          null,
          6,
          6,
          0,
          0,
          null,
          6,
          null,
          null,
          0,
          0,
          null,
          null,
          null,
          7,
          28,
          0,
          0,
          null,
          null,
          null,
          null,
          2,
          1,
          28,
          null,
          null,
          null,
          1,
          1,
          0,
          0,
          null,
          null,
          1,
          null,
          1,
          1,
          null,
          null,
          null,
          null,
          1,
          28,
          28,
          28,
          null,
          null,
          null
        ]
      },
      "/home/tsu-na-gu/Developments/simple_todo_in_ruby/lib/option.rb": {
        "lines": [
          null,
          null,
          null,
          1,
          null,
          1,
          1,
          1,
          null,
          2,
          1,
          null,
          2,
          1,
          null,
          2,
          1,
          null,
          2,
          1,
          null,
          2,
          1,
          null,
          1,
          null,
          null,
          null,
          null,
          1,
          1,
          null,
          null,
          null,
          null,
          null,
          null,
          null,
          null,
          null,
          null,
          1,
          28,
          28,
          28,
          28,
          28,
          null,
          null,
          28,
          0,
          0,
          null,
          28,
          28,
          null,
          null,
          28,
          null,
          null,
          28,
          null,
          null,
          28,
          null,
          null,
          28,
          28,
          0,
          28,
          0,
          null,
          null,
          null,
          28,
          6,
          null,
          null,
          null,
          null,
          null,
          2,
          1,
          6,
          null,
          null,
          6,
          3,
          3,
          null,
          0,
          0,
          0,
          null,
          null,
          null,
          6,
          null,
          null,
          null,
          1,
          1,
          0,
          0,
          null,
          null,
          1,
          null,
          2,
          1,
          28,
          null,
          17,
          null,
          0,
          null,
          null,
          null,
          2,
          1,
          6,
          3,
          0,
          0,
          3,
          null,
          null,
          null,
          1,
          1,
          0,
          0,
          null,
          0,
          null,
          null,
          2,
          1,
          28,
          28,
          null,
          0,
          null,
          null,
          null
        ]
      },
      "/home/tsu-na-gu/Developments/simple_todo_in_ruby/core/todo.rb": {
        "lines": [
          null,
          null,
          1,
          1,
          1,
          null,
          null,
          1,
          1,
          null,
          2,
          1,
          null,
          2,
          1,
          13,
          null,
          null,
          2,
          1,
          8,
          null,
          null,
          null,
          null,
          null,
          null,
          null,
          2,
          1,
          3,
          1,
          null,
          null,
          null,
          2,
          2,
          null,
          null,
          null,
          null,
          null,
          null,
          null,
          2,
          1,
          1,
          0,
          null,
          null,
          1,
          null,
          null,
          2,
          1,
          7,
          null,
          10,
          null,
          null,
          null,
          null,
          null,
          7,
          null,
          null,
          2,
          1,
          9,
          1,
          null,
          null,
          8,
          8,
          null,
          6,
          6,
          9,
          9,
          null,
          null,
          null,
          9,
          null,
          null,
          null,
          null,
          2,
          1,
          1,
          1,
          3,
          3,
          null,
          1,
          null,
          null
        ]
      },
      "/home/tsu-na-gu/Developments/simple_todo_in_ruby/core/item.rb": {
        "lines": [
          null,
          null,
          1,
          null,
          null,
          1,
          1,
          1,
          1,
          1,
          null
        ]
      },
      "/home/tsu-na-gu/Developments/simple_todo_in_ruby/error.rb": {
        "lines": [
          null,
          null,
          1
        ]
      }
    },
    "timestamp": 1772404535
  }
}
